HTTP Error 404: {"quoteSummary":{"result":null,"error":{"code":"Not Found","description":"Quote not found for symbol: DX=F"}}}
$DX=F: possibly delisted; no timezone found

1 Failed download:
['DX=F']: possibly delisted; no timezone found
[iter10] Currency/Rate mean-reversion
[data_loader] fetch DX=F 1d
  Currency: 6 종목, Rate: 4 종목

=== Currency mean-reversion sweep ===
  ⚠️ lb=21 z>1.0: Sharpe=0.24 CAGR=2.1% MDD=-32.7%
  ⚠️ lb=21 z>1.5: Sharpe=0.06 CAGR=0.1% MDD=-31.4%
  ⚠️ lb=21 z>2.0: Sharpe=0.49 CAGR=5.2% MDD=-32.7%
  ⚠️ lb=42 z>1.5: Sharpe=0.14 CAGR=0.9% MDD=-28.8%
  ⚠️ lb=63 z>2.0: Sharpe=0.58 CAGR=6.3% MDD=-32.7%

=== Rate mean-reversion sweep ===
  ⚠️ lb=21 z>1.0: Sharpe=0.15 CAGR=1.1% MDD=-35.0%
  ⚠️ lb=21 z>1.5: Sharpe=0.59 CAGR=6.4% MDD=-32.7%
  ⚠️ lb=21 z>2.0: Sharpe=0.59 CAGR=6.4% MDD=-32.7%
  ⚠️ lb=42 z>1.5: Sharpe=0.59 CAGR=6.4% MDD=-32.7%
  ⚠️ lb=63 z>2.0: Sharpe=0.59 CAGR=6.4% MDD=-32.7%

  → C:\Projects\FuturesDistribution\results\iter10_currency_meanrev.json
