[iter22] 시즌성 + Curve
  종목: ['ZC=F', 'ZW=F', 'ZS=F', 'NG=F', 'HO=F', 'CL=F', 'GC=F', 'SI=F', 'HG=F', 'KC=F', 'SB=F', 'CT=F'] (4105 days)

=== Asset × Month 평균 일별 수익률 ===
  Asset  |     1     2     3     4     5     6     7     8     9    10    11    12
  ------------------------------------------------------------------------------------------
  ZC=F   | +0.04 +0.04 +0.03 +0.16🟢-0.09🔴-0.06🔴-0.26🔴-0.02 +0.08🟢+0.17🟢-0.10🔴+0.21🟢
  ZW=F   | -0.05 +0.00 +0.05🟢+0.07🟢+0.04 -0.09🔴+0.14🟢-0.12🔴+0.12🟢+0.08🟢-0.13🔴+0.16🟢
  ZS=F   | +0.02 +0.11🟢+0.03 +0.10🟢-0.07🔴+0.08🟢-0.11🔴-0.12🔴-0.14🔴+0.11🟢+0.06🟢+0.07🟢
  NG=F   | -0.09🔴-0.24🔴+0.02 +0.33🟢+0.14🟢+0.12🟢-0.01 +0.17🟢+0.21🟢+0.29🟢+0.15🟢-0.48🔴
  HO=F   | +0.13🟢+0.12🟢+0.05 +0.08🟢-0.09🔴+0.17🟢+0.04 +0.07🟢+0.01 +0.06🟢-0.17🔴-0.01 
  CL=F   | +0.08🟢+0.14🟢+0.07🟢-0.87🔴+0.05 +0.14🟢-0.02 -0.06🔴-0.02 -0.03 -0.13🔴+0.05🟢
  GC=F   | +0.14🟢+0.06🟢+0.03 +0.08🟢-0.03 -0.01 +0.06🟢+0.12🟢-0.06🔴+0.06🟢-0.04 +0.04 
  SI=F   | +0.18🟢+0.08🟢+0.01 +0.07🟢-0.05🔴-0.03 +0.16🟢+0.13🟢-0.13🔴+0.13🟢+0.01 +0.12🟢
  HG=F   | +0.02 +0.13🟢-0.02 +0.03 -0.09🔴-0.01 +0.02 -0.04 +0.01 +0.06🟢+0.08🟢+0.13🟢
  KC=F   | +0.02 +0.04 -0.04 +0.14🟢-0.13🔴+0.06🟢+0.12🟢+0.11🟢-0.05 -0.01 +0.21🟢+0.01 
  SB=F   | +0.06🟢-0.01 -0.32🔴-0.09🔴-0.07🔴+0.17🟢+0.03 -0.03 +0.22🟢+0.21🟢-0.06🔴-0.05🔴
  CT=F   | +0.12🟢+0.16🟢+0.03 +0.09🟢-0.21🔴-0.10🔴-0.13🔴+0.08🟢-0.07🔴+0.04 +0.06🟢+0.12🟢

=== Top seasonal trades (월간 누적 수익률) ===
  Asset  |      1      2      3      4      5      6      7      8      9     10     11     12
  ----------------------------------------------------------------------------------------------------
  ZC=F   |  +0.9   +0.7   +0.5   +3.4✅  -1.9   -1.2   -5.5   -0.4   +1.9   +3.7🚀  -2.1   +4.6🚀 
  ZW=F   |  -1.0   -0.0   +0.7   +1.4   +0.8   -1.5   +3.2   -2.8   +2.6   +1.6✅  -2.7   +3.4✅ 
  ZS=F   |  +0.5   +2.1✅  +0.6   +2.0✅  -1.6   +1.9   -2.2   -2.8   -2.6   +2.4✅  +1.1   +1.6  
  NG=F   |  -4.6   -5.1   +0.4   +6.2🚀  +2.2   +2.4   +0.0   +3.9   +4.2   +5.6✅  +2.8   -9.8  
  HO=F   |  +2.9   +2.3   +1.3   +1.6   -1.8   +3.4✅  +1.0   +1.4   +0.2   +1.1   -3.2   -0.1  
  CL=F   |  +1.7   +2.5✅  +2.0   +2.6   +2.3   +2.7✅  -0.5   -1.7   -0.7   -0.7   -2.5   +1.1  
  GC=F   |  +2.9🚀  +1.2   +0.7   +1.7✅  -0.7   -0.1   +1.3   +2.6🚀  -1.2   +1.3✅  -0.8   +0.8  
  SI=F   |  +3.1✅  +1.5   +0.1   +1.4   -0.9   -0.6   +3.5✅  +2.9✅  -2.4   +2.6✅  +0.0   +2.5  
  HG=F   |  +0.4   +2.4✅  -0.4   +0.5   -2.0   -0.3   +0.3   -0.9   +0.3   +1.3   +1.7   +2.7✅ 
  KC=F   |  +0.4   +1.1   -1.2   +2.8✅  -2.7   +1.1   +2.2   +2.7   -1.1   -0.3   +4.4✅  +0.0  
  SB=F   |  +1.3   -0.3   -6.4   -1.8   -1.7   +3.8✅  +0.5   -0.8   +4.7✅  +4.6✅  -1.5   -1.1  
  CT=F   |  +2.4✅  +3.3✅  +0.6   +1.9   -4.4   -2.4   -2.3   +1.8   -1.3   +1.0   +1.2   +2.4✅ 

=== 강한 seasonal 패턴 (월간 +2% 이상, 11+ 년 데이터) ===
  ZC=F 월4: 평균 +3.39% (long 후보)
  ZC=F 월7: 평균 -5.51% (short 후보)
  ZC=F 월10: 평균 +3.67% (long 후보)
  ZC=F 월11: 평균 -2.11% (short 후보)
  ZC=F 월12: 평균 +4.56% (long 후보)
  ZW=F 월7: 평균 +3.19% (long 후보)
  ZW=F 월8: 평균 -2.81% (short 후보)
  ZW=F 월9: 평균 +2.56% (long 후보)
  ZW=F 월11: 평균 -2.66% (short 후보)
  ZW=F 월12: 평균 +3.35% (long 후보)
  ZS=F 월2: 평균 +2.15% (long 후보)
  ZS=F 월7: 평균 -2.24% (short 후보)
  ZS=F 월8: 평균 -2.80% (short 후보)
  ZS=F 월9: 평균 -2.62% (short 후보)
  ZS=F 월10: 평균 +2.36% (long 후보)
  NG=F 월1: 평균 -4.63% (short 후보)
  NG=F 월2: 평균 -5.08% (short 후보)
  NG=F 월4: 평균 +6.18% (long 후보)
  NG=F 월5: 평균 +2.24% (long 후보)
  NG=F 월6: 평균 +2.44% (long 후보)
  NG=F 월8: 평균 +3.91% (long 후보)
  NG=F 월9: 평균 +4.22% (long 후보)
  NG=F 월10: 평균 +5.62% (long 후보)
  NG=F 월11: 평균 +2.82% (long 후보)
  NG=F 월12: 평균 -9.85% (short 후보)
  HO=F 월1: 평균 +2.91% (long 후보)
  HO=F 월2: 평균 +2.28% (long 후보)
  HO=F 월6: 평균 +3.36% (long 후보)
  HO=F 월11: 평균 -3.24% (short 후보)
  CL=F 월2: 평균 +2.55% (long 후보)
  CL=F 월3: 평균 +2.02% (long 후보)
  CL=F 월4: 평균 +2.58% (long 후보)
  CL=F 월5: 평균 +2.29% (long 후보)
  CL=F 월6: 평균 +2.72% (long 후보)
  CL=F 월11: 평균 -2.53% (short 후보)
  GC=F 월1: 평균 +2.91% (long 후보)
  GC=F 월8: 평균 +2.64% (long 후보)
  SI=F 월1: 평균 +3.05% (long 후보)
  SI=F 월7: 평균 +3.49% (long 후보)
  SI=F 월8: 평균 +2.89% (long 후보)
  SI=F 월9: 평균 -2.41% (short 후보)
  SI=F 월10: 평균 +2.61% (long 후보)
  SI=F 월12: 평균 +2.49% (long 후보)
  HG=F 월2: 평균 +2.36% (long 후보)
  HG=F 월5: 평균 -2.01% (short 후보)
  HG=F 월12: 평균 +2.66% (long 후보)
  KC=F 월4: 평균 +2.81% (long 후보)
  KC=F 월5: 평균 -2.67% (short 후보)
  KC=F 월7: 평균 +2.21% (long 후보)
  KC=F 월8: 평균 +2.73% (long 후보)
  KC=F 월11: 평균 +4.37% (long 후보)
  SB=F 월3: 평균 -6.43% (short 후보)
  SB=F 월6: 평균 +3.80% (long 후보)
  SB=F 월9: 평균 +4.66% (long 후보)
  SB=F 월10: 평균 +4.60% (long 후보)
  CT=F 월1: 평균 +2.38% (long 후보)
  CT=F 월2: 평균 +3.34% (long 후보)
  CT=F 월5: 평균 -4.45% (short 후보)
  CT=F 월6: 평균 -2.38% (short 후보)
  CT=F 월7: 평균 -2.28% (short 후보)
  CT=F 월12: 평균 +2.45% (long 후보)

  → C:\Projects\FuturesDistribution\results\iter22_curve_seasonal.json
