[iter12] 계절성 분석 (농산물)
  Agri: 10 종목

=== 월별 평균 수익률 (Agri 평균) ===
   Month     AvgRet    WinRate
       1      0.029%      49.7%  
       2      0.048%      52.8%  
       3     -0.008%      49.2%  
       4      0.086%      53.4%  🟢
       5     -0.053%      46.9%  🔴
       6      0.012%      48.2%  
       7      0.001%      51.0%  
       8      0.003%      50.7%  
       9     -0.046%      51.4%  
      10      0.103%      50.1%  🟢
      11      0.024%      50.5%  
      12      0.058%      52.2%  🟢

=== 종목별 양수 월 / 음수 월 ===
  ZC=F: 양수 월 [1, 2, 3, 4, 9, 10, 12], 음수 월 [5, 6, 7, 8, 11]
  ZW=F: 양수 월 [2, 3, 4, 5, 7, 9, 10, 12], 음수 월 [1, 6, 8, 11]
  ZS=F: 양수 월 [1, 2, 3, 4, 6, 10, 11, 12], 음수 월 [5, 7, 8, 9]
  ZL=F: 양수 월 [1, 2, 3, 4, 6, 7, 8, 10, 12], 음수 월 [5, 9, 11]
  ZM=F: 양수 월 [2, 3, 4, 6, 7, 10, 12], 음수 월 [1, 5, 8, 9, 11]
  KC=F: 양수 월 [1, 2, 4, 6, 7, 8, 11, 12], 음수 월 [3, 5, 9, 10]
  SB=F: 양수 월 [1, 6, 7, 9, 10], 음수 월 [2, 3, 4, 5, 8, 11, 12]
  CT=F: 양수 월 [1, 2, 3, 4, 8, 10, 11, 12], 음수 월 [5, 6, 7, 9]
  CC=F: 양수 월 [2, 3, 4, 7, 8, 11, 12], 음수 월 [1, 5, 6, 9, 10]
  OJ=F: 양수 월 [1, 3, 5, 7, 8, 10, 11], 음수 월 [2, 4, 6, 9, 12]

=== 단순 계절성 봇 (각 종목 양수 월에만 long) ===
  ✅ 양수 월 only: Sharpe=1.43 CAGR=14.6% MDD=-11.3%

=== 강한 양수 월 (avg > 0.1%) only ===
  ✅ 강한 양수 월: Sharpe=1.72 CAGR=9.6% MDD=-7.3%

  iter04 (Agri momentum + DD-10%): Sharpe 3.94 MDD -14.3%
  iter12 계절성 단독으로는 약함 (filter로만 의미 가능)

  → C:\Projects\FuturesDistribution\results\iter12_seasonality.json
